<?xml version="1.0" encoding="UTF-8"?>
<testng-results skipped="0" failed="0" ignored="0" total="1" passed="1">
  <reporter-output>
  </reporter-output>
  <suite name="Default suite" duration-ms="14322" started-at="2020-07-05T06:53:46Z" finished-at="2020-07-05T06:54:01Z">
    <groups>
    </groups>
    <test name="Default test" duration-ms="14322" started-at="2020-07-05T06:53:46Z" finished-at="2020-07-05T06:54:01Z">
      <class name="tests.jhptLogin">
        <test-method status="PASS" signature="setupTest()[pri:0, instance:tests.jhptLogin@26be92ad]" name="setupTest" is-config="true" duration-ms="4605" started-at="2020-07-05T06:53:46Z" finished-at="2020-07-05T06:53:51Z">
          <reporter-output>
          </reporter-output>
        </test-method> <!-- setupTest -->
        <test-method status="PASS" signature="jhptLogin()[pri:0, instance:tests.jhptLogin@26be92ad]" name="jhptLogin" duration-ms="9681" started-at="2020-07-05T06:53:51Z" finished-at="2020-07-05T06:54:01Z">
          <reporter-output>
          </reporter-output>
        </test-method> <!-- jhptLogin -->
      </class> <!-- tests.jhptLogin -->
    </test> <!-- Default test -->
  </suite> <!-- Default suite -->
</testng-results>
